<?xml version="1.0" encoding="UTF-8"?>
<!-- Generated by org.testng.reporters.JUnitReportReporter -->
<testsuite hostname="LAPTOP-NKMHEACQ" failures="0" tests="1" name="main.main" time="32.629" errors="0" timestamp="06 okt. 2021 17:58:08 GMT" skipped="0">
  <testcase classname="main.main" name="main" time="32.629"/>
</testsuite> <!-- main.main -->
