<?xml version="1.0" encoding="UTF-8"?>
<!-- Generated by org.testng.reporters.JUnitReportReporter -->
<testsuite hostname="LAPTOP-NKMHEACQ" failures="0" tests="3" name="main.main" time="289.530" errors="0" timestamp="04 nov. 2021 16:38:47 GMT" skipped="0">
  <testcase classname="main.main" name="saveURLs" time="7.530"/>
  <testcase classname="main.main" name="setBpAds" time="5.464"/>
  <testcase classname="main.main" name="openAds" time="276.536"/>
</testsuite> <!-- main.main -->
