<?xml version="1.0" encoding="UTF-8"?>
<!-- Generated by org.testng.reporters.JUnitReportReporter -->
<testsuite hostname="LAPTOP-NKMHEACQ" failures="0" tests="3" name="main.main_searchLand" time="550.400" errors="0" timestamp="05 nov. 2021 10:25:24 GMT" skipped="0">
  <testcase classname="main.main_searchLand" name="saveURLs" time="22.095"/>
  <testcase classname="main.main_searchLand" name="setBpAds" time="6.348"/>
  <testcase classname="main.main_searchLand" name="openAds" time="521.957"/>
</testsuite> <!-- main.main_searchLand -->
